Arguments: 
  /usr/local/Cellar/asdf/0.4.1/installs/nodejs/8.9.4/bin/node /usr/local/opt/asdf/installs/nodejs/8.9.4/.npm/bin/yarn add react react-dom babel-present-react

PATH: 
  /usr/local/opt/asdf/bin:/usr/local/opt/asdf/shims:/usr/local/git/bin:/usr/local/git/bin:/usr/local/Cellar/mongodb@3.2/3.2.11/bin:/Users/ryanbigg/.yarn/bin:/usr/local/bin:/usr/local/sbin:/usr/bin:/bin:/usr/sbin:/sbin:/Users/ryanbigg/Library/Python/2.7/bin:/Users/ryanbigg/.fzf/bin

Yarn version: 
  1.3.2

Node version: 
  8.9.4

Platform: 
  darwin x64

npm manifest: 
  No manifest

yarn manifest: 
  No manifest

Lockfile: 
  No lockfile

Trace: 
  Error: https://registry.yarnpkg.com/babel-present-react: Not found
      at Request.params.callback [as _callback] (/usr/local/Cellar/asdf/0.4.1/installs/nodejs/8.9.4/.npm/lib/node_modules/yarn/lib/cli.js:62098:18)
      at Request.self.callback (/usr/local/Cellar/asdf/0.4.1/installs/nodejs/8.9.4/.npm/lib/node_modules/yarn/lib/cli.js:123085:22)
      at emitTwo (events.js:126:13)
      at Request.emit (events.js:214:7)
      at Request.<anonymous> (/usr/local/Cellar/asdf/0.4.1/installs/nodejs/8.9.4/.npm/lib/node_modules/yarn/lib/cli.js:124068:10)
      at emitOne (events.js:116:13)
      at Request.emit (events.js:211:7)
      at IncomingMessage.<anonymous> (/usr/local/Cellar/asdf/0.4.1/installs/nodejs/8.9.4/.npm/lib/node_modules/yarn/lib/cli.js:123988:12)
      at Object.onceWrapper (events.js:313:30)
      at emitNone (events.js:111:20)
